SF:lib\features\image_generation\data\services\image_generation_services.dart
DA:13,1
DA:24,0
DA:25,0
DA:27,0
DA:28,0
DA:30,0
DA:32,0
DA:33,0
DA:34,0
DA:38,0
DA:41,0
DA:43,0
DA:64,0
DA:65,0
DA:67,0
DA:75,0
DA:76,0
DA:77,0
DA:78,0
DA:102,0
DA:103,0
DA:105,0
DA:112,0
DA:113,0
DA:114,0
DA:119,0
DA:121,0
DA:124,0
DA:132,0
DA:138,0
DA:154,0
DA:155,0
DA:157,0
DA:163,0
DA:164,0
DA:166,0
DA:170,0
DA:171,0
DA:172,0
DA:173,0
DA:176,0
DA:177,0
DA:178,0
DA:179,0
DA:181,0
DA:182,0
LF:46
LH:1
end_of_record
SF:lib\features\image_generation\presentation\bloc\image_gen_bloc.dart
DA:24,1
DA:31,1
DA:32,0
DA:33,0
DA:34,0
DA:35,0
DA:37,0
DA:38,2
DA:39,2
DA:40,2
DA:41,2
DA:42,2
DA:43,2
DA:44,2
DA:47,0
DA:51,0
DA:53,0
DA:55,0
DA:58,0
DA:60,0
DA:61,0
DA:65,0
DA:69,0
DA:71,0
DA:73,0
DA:76,0
DA:78,0
DA:79,0
DA:83,0
DA:84,0
DA:85,0
DA:86,0
DA:87,0
DA:95,0
DA:96,0
DA:99,1
DA:103,4
DA:104,3
DA:105,0
DA:109,2
DA:111,3
DA:115,1
DA:116,2
DA:121,1
DA:127,4
DA:128,0
DA:130,4
DA:131,4
DA:133,2
DA:135,1
DA:137,5
DA:141,1
DA:142,0
DA:145,2
DA:146,1
DA:148,2
DA:149,2
DA:151,3
DA:153,1
DA:155,1
DA:156,2
DA:157,2
DA:162,3
DA:163,1
DA:164,2
DA:165,1
DA:166,1
DA:169,1
DA:172,2
DA:173,1
DA:175,2
DA:176,2
DA:185,2
DA:186,1
DA:187,2
DA:188,3
DA:189,1
DA:192,1
DA:193,2
DA:201,3
DA:203,2
DA:204,2
DA:205,1
DA:206,2
DA:209,1
DA:216,1
DA:218,2
DA:219,1
DA:220,2
DA:223,1
DA:229,0
DA:233,0
DA:234,0
DA:235,0
DA:236,0
LF:95
LH:61
end_of_record
SF:lib\features\image_generation\presentation\bloc\image_gen_event.dart
DA:5,1
DA:7,0
DA:8,0
DA:12,0
DA:16,0
DA:21,0
DA:23,0
DA:24,0
DA:28,0
DA:32,1
DA:39,0
DA:41,0
DA:42,0
LF:13
LH:2
end_of_record
SF:lib\features\image_generation\presentation\bloc\image_gen_state.dart
DA:14,2
DA:26,1
DA:28,1
DA:39,1
DA:40,1
DA:41,1
DA:42,1
DA:44,1
DA:45,1
DA:46,1
DA:47,1
DA:48,1
DA:52,1
DA:53,1
DA:54,1
DA:55,1
DA:56,1
DA:57,1
DA:58,1
DA:59,1
DA:60,1
DA:61,1
DA:62,1
LF:23
LH:23
end_of_record
SF:lib\core\logging\app_logger.dart
DA:5,0
DA:6,3
DA:7,1
LF:3
LH:2
end_of_record
